<?xml version="1.0" encoding="UTF-8"?>
<coverage generated="1656336541142" clover="3.2.0">
  <project timestamp="1656336541143" name="All files">
    <metrics statements="15" coveredstatements="12" conditionals="2" coveredconditionals="0" methods="4" coveredmethods="3" elements="21" coveredelements="15" complexity="0" loc="15" ncloc="15" packages="1" files="2" classes="2"/>
    <file name="calculo.js" path="C:\Users\gabri\Testes-Unitarios\src\calculo.js">
      <metrics statements="7" coveredstatements="4" conditionals="2" coveredconditionals="0" methods="2" coveredmethods="1"/>
      <line num="1" count="1" type="stmt"/>
      <line num="2" count="2" type="stmt"/>
      <line num="5" count="1" type="stmt"/>
      <line num="6" count="0" type="cond" truecount="0" falsecount="2"/>
      <line num="7" count="0" type="stmt"/>
      <line num="9" count="0" type="stmt"/>
      <line num="12" count="1" type="stmt"/>
    </file>
    <file name="code01.js" path="C:\Users\gabri\Testes-Unitarios\src\code01.js">
      <metrics statements="8" coveredstatements="8" conditionals="0" coveredconditionals="0" methods="2" coveredmethods="2"/>
      <line num="1" count="1" type="stmt"/>
      <line num="2" count="1" type="stmt"/>
      <line num="5" count="1" type="stmt"/>
      <line num="6" count="2" type="stmt"/>
      <line num="7" count="2" type="stmt"/>
      <line num="8" count="2" type="stmt"/>
      <line num="11" count="1" type="stmt"/>
      <line num="13" count="1" type="stmt"/>
    </file>
  </project>
</coverage>
